<?xml version="1.0" encoding="UTF-8"?>
<!-- Generated by org.testng.reporters.JUnitReportReporter -->
<testsuite hostname="DESKTOP-B3TVBDN" name="org.testing.testScripts.TestCaseClass" tests="10" failures="0" timestamp="10 Jun 2020 12:09:18 GMT" time="512.246" errors="0">
  <testcase name="testCase" time="66.514" classname="org.testing.testScripts.TestCaseClass"/>
  <testcase name="testCase" time="51.335" classname="org.testing.testScripts.TestCaseClass"/>
  <testcase name="testCase" time="52.466" classname="org.testing.testScripts.TestCaseClass"/>
  <testcase name="testCase" time="43.945" classname="org.testing.testScripts.TestCaseClass"/>
  <testcase name="testCase" time="54.564" classname="org.testing.testScripts.TestCaseClass"/>
  <testcase name="testCase" time="60.670" classname="org.testing.testScripts.TestCaseClass"/>
  <testcase name="testCase" time="42.918" classname="org.testing.testScripts.TestCaseClass"/>
  <testcase name="testCase" time="45.937" classname="org.testing.testScripts.TestCaseClass"/>
  <testcase name="testCase" time="51.988" classname="org.testing.testScripts.TestCaseClass"/>
  <testcase name="testCase" time="41.909" classname="org.testing.testScripts.TestCaseClass"/>
</testsuite> <!-- org.testing.testScripts.TestCaseClass -->
